This is pdfTeX, Version 3.141592653-2.6-1.40.22 (TeX Live 2021) (preloaded format=pdflatex 2021.5.18)  24 MAY 2021 16:21
entering extended mode
 restricted \write18 enabled.
 %&-line parsing enabled.
**Question-2.tex
(./Question-2.tex
LaTeX2e <2020-10-01> patch level 4
L3 programming layer <2021-05-11>
(/Users/mathlogonolomashitisho/Library/TinyTeX/texmf-dist/tex/latex/elsarticle/
elsarticle.cls
Document Class: elsarticle 2020/11/20, 3.3: Elsevier Ltd

(/Users/mathlogonolomashitisho/Library/TinyTeX/texmf-dist/tex/latex/l3kernel/ex
pl3.sty
Package: expl3 2021-05-11 L3 programming layer (loader) 

(/Users/mathlogonolomashitisho/Library/TinyTeX/texmf-dist/tex/latex/l3backend/l
3backend-pdftex.def
File: l3backend-pdftex.def 2021-05-07 L3 backend support: PDF output (pdfTeX)
\l__color_backend_stack_int=\count179
\l__pdf_internal_box=\box47
))
(/Users/mathlogonolomashitisho/Library/TinyTeX/texmf-dist/tex/latex/l3packages/
xparse/xparse.sty
(/Users/mathlogonolomashitisho/Library/TinyTeX/texmf-dist/tex/latex/l3packages/
xparse/xparse-2020-10-01.sty
(/Users/mathlogonolomashitisho/Library/TinyTeX/texmf-dist/tex/latex/l3packages/
xparse/xparse-generic.tex)))
(/Users/mathlogonolomashitisho/Library/TinyTeX/texmf-dist/tex/latex/etoolbox/et
oolbox.sty
Package: etoolbox 2020/10/05 v2.5k e-TeX tools for LaTeX (JAW)
\etb@tempcnta=\count180
)
\@bls=\dimen138

(/Users/mathlogonolomashitisho/Library/TinyTeX/texmf-dist/tex/latex/base/articl
e.cls
Document Class: article 2020/04/10 v1.4m Standard LaTeX document class

(/Users/mathlogonolomashitisho/Library/TinyTeX/texmf-dist/tex/latex/base/size11
.clo
File: size11.clo 2020/04/10 v1.4m Standard LaTeX file (size option)
)
\c@part=\count181
\c@section=\count182
\c@subsection=\count183
\c@subsubsection=\count184
\c@paragraph=\count185
\c@subparagraph=\count186
\c@figure=\count187
\c@table=\count188
\abovecaptionskip=\skip47
\belowcaptionskip=\skip48
\bibindent=\dimen139
)
(/Users/mathlogonolomashitisho/Library/TinyTeX/texmf-dist/tex/latex/graphics/gr
aphicx.sty
Package: graphicx 2020/09/09 v1.2b Enhanced LaTeX Graphics (DPC,SPQR)

(/Users/mathlogonolomashitisho/Library/TinyTeX/texmf-dist/tex/latex/graphics/ke
yval.sty
Package: keyval 2014/10/28 v1.15 key=value parser (DPC)
\KV@toks@=\toks15
)
(/Users/mathlogonolomashitisho/Library/TinyTeX/texmf-dist/tex/latex/graphics/gr
aphics.sty
Package: graphics 2020/08/30 v1.4c Standard LaTeX Graphics (DPC,SPQR)

(/Users/mathlogonolomashitisho/Library/TinyTeX/texmf-dist/tex/latex/graphics/tr
ig.sty
Package: trig 2016/01/03 v1.10 sin cos tan (DPC)
)
(/Users/mathlogonolomashitisho/Library/TinyTeX/texmf-dist/tex/latex/graphics-cf
g/graphics.cfg
File: graphics.cfg 2016/06/04 v1.11 sample graphics configuration
)
Package graphics Info: Driver file: pdftex.def on input line 105.

(/Users/mathlogonolomashitisho/Library/TinyTeX/texmf-dist/tex/latex/graphics-de
f/pdftex.def
File: pdftex.def 2020/10/05 v1.2a Graphics/color driver for pdftex
))
\Gin@req@height=\dimen140
\Gin@req@width=\dimen141
)
\c@tnote=\count189
\c@fnote=\count190
\c@cnote=\count191
\c@ead=\count192
\c@author=\count193
\@eadauthor=\toks16
\c@affn=\count194
\absbox=\box48
\elsarticlehighlightsbox=\box49
\elsarticlegrabsbox=\box50
\keybox=\box51
\Columnwidth=\dimen142
\space@left=\dimen143
\els@boxa=\box52
\els@boxb=\box53
\leftMargin=\dimen144
\@enLab=\toks17
\@sep=\skip49
\@@sep=\skip50
(./Question-2.spl)
(/Users/mathlogonolomashitisho/Library/TinyTeX/texmf-dist/tex/latex/natbib/natb
ib.sty
Package: natbib 2010/09/13 8.31b (PWD, AO)
\bibhang=\skip51
\bibsep=\skip52
LaTeX Info: Redefining \cite on input line 694.
\c@NAT@ctr=\count195
)
\splwrite=\write3
\openout3 = `Question-2.spl'.

\appnamewidth=\dimen145
)
(/Users/mathlogonolomashitisho/Library/TinyTeX/texmf-dist/tex/latex/lm/lmodern.
sty
Package: lmodern 2015/05/01 v1.6.1 Latin Modern Fonts
LaTeX Font Info:    Overwriting symbol font `operators' in version `normal'
(Font)                  OT1/cmr/m/n --> OT1/lmr/m/n on input line 22.
LaTeX Font Info:    Overwriting symbol font `letters' in version `normal'
(Font)                  OML/cmm/m/it --> OML/lmm/m/it on input line 23.
LaTeX Font Info:    Overwriting symbol font `symbols' in version `normal'
(Font)                  OMS/cmsy/m/n --> OMS/lmsy/m/n on input line 24.
LaTeX Font Info:    Overwriting symbol font `largesymbols' in version `normal'
(Font)                  OMX/cmex/m/n --> OMX/lmex/m/n on input line 25.
LaTeX Font Info:    Overwriting symbol font `operators' in version `bold'
(Font)                  OT1/cmr/bx/n --> OT1/lmr/bx/n on input line 26.
LaTeX Font Info:    Overwriting symbol font `letters' in version `bold'
(Font)                  OML/cmm/b/it --> OML/lmm/b/it on input line 27.
LaTeX Font Info:    Overwriting symbol font `symbols' in version `bold'
(Font)                  OMS/cmsy/b/n --> OMS/lmsy/b/n on input line 28.
LaTeX Font Info:    Overwriting symbol font `largesymbols' in version `bold'
(Font)                  OMX/cmex/m/n --> OMX/lmex/m/n on input line 29.
LaTeX Font Info:    Overwriting math alphabet `\mathbf' in version `normal'
(Font)                  OT1/cmr/bx/n --> OT1/lmr/bx/n on input line 31.
LaTeX Font Info:    Overwriting math alphabet `\mathsf' in version `normal'
(Font)                  OT1/cmss/m/n --> OT1/lmss/m/n on input line 32.
LaTeX Font Info:    Overwriting math alphabet `\mathit' in version `normal'
(Font)                  OT1/cmr/m/it --> OT1/lmr/m/it on input line 33.
LaTeX Font Info:    Overwriting math alphabet `\mathtt' in version `normal'
(Font)                  OT1/cmtt/m/n --> OT1/lmtt/m/n on input line 34.
LaTeX Font Info:    Overwriting math alphabet `\mathbf' in version `bold'
(Font)                  OT1/cmr/bx/n --> OT1/lmr/bx/n on input line 35.
LaTeX Font Info:    Overwriting math alphabet `\mathsf' in version `bold'
(Font)                  OT1/cmss/bx/n --> OT1/lmss/bx/n on input line 36.
LaTeX Font Info:    Overwriting math alphabet `\mathit' in version `bold'
(Font)                  OT1/cmr/bx/it --> OT1/lmr/bx/it on input line 37.
LaTeX Font Info:    Overwriting math alphabet `\mathtt' in version `bold'
(Font)                  OT1/cmtt/m/n --> OT1/lmtt/m/n on input line 38.
)
(/Users/mathlogonolomashitisho/Library/TinyTeX/texmf-dist/tex/latex/setspace/se
tspace.sty
Package: setspace 2011/12/19 v6.7a set line spacing
)
(/Users/mathlogonolomashitisho/Library/TinyTeX/texmf-dist/tex/latex/float/float
.sty
Package: float 2001/11/08 v1.3d Float enhancements (AL)
\c@float@type=\count196
\float@exts=\toks18
\float@box=\box54
\@float@everytoks=\toks19
\@floatcapt=\box55
)
(/Users/mathlogonolomashitisho/Library/TinyTeX/texmf-dist/tex/generic/iftex/ifx
etex.sty
Package: ifxetex 2019/10/25 v0.7 ifxetex legacy package. Use iftex instead.

(/Users/mathlogonolomashitisho/Library/TinyTeX/texmf-dist/tex/generic/iftex/ift
ex.sty
Package: iftex 2020/03/06 v1.0d TeX engine tests
))
(/Users/mathlogonolomashitisho/Library/TinyTeX/texmf-dist/tex/generic/iftex/ifl
uatex.sty
Package: ifluatex 2019/10/25 v1.5 ifluatex legacy package. Use iftex instead.
)
(/Users/mathlogonolomashitisho/Library/TinyTeX/texmf-dist/tex/latex/base/fixltx
2e.sty
Package: fixltx2e 2016/12/29 v2.1a fixes to LaTeX (obsolete)
Applying: [2015/01/01] Old fixltx2e package on input line 46.

Package fixltx2e Warning: fixltx2e is not required with releases after 2015
(fixltx2e)                All fixes are now in the LaTeX kernel.
(fixltx2e)                See the latexrelease package for details.

Already applied: [0000/00/00] Old fixltx2e package on input line 53.
)
(/Users/mathlogonolomashitisho/Library/TinyTeX/texmf-dist/tex/latex/base/fonten
c.sty
Package: fontenc 2020/08/10 v2.0s Standard LaTeX package
LaTeX Font Info:    Trying to load font information for T1+lmr on input line 11
2.

(/Users/mathlogonolomashitisho/Library/TinyTeX/texmf-dist/tex/latex/lm/t1lmr.fd
File: t1lmr.fd 2015/05/01 v1.6.1 Font defs for Latin Modern
))
(/Users/mathlogonolomashitisho/Library/TinyTeX/texmf-dist/tex/latex/base/inpute
nc.sty
Package: inputenc 2020/08/01 v1.3d Input encoding file
\inpenc@prehook=\toks20
\inpenc@posthook=\toks21
)
(/Users/mathlogonolomashitisho/Library/TinyTeX/texmf-dist/tex/latex/amsfonts/am
ssymb.sty
Package: amssymb 2013/01/14 v3.01 AMS font symbols

(/Users/mathlogonolomashitisho/Library/TinyTeX/texmf-dist/tex/latex/amsfonts/am
sfonts.sty
Package: amsfonts 2013/01/14 v3.01 Basic AMSFonts support
\@emptytoks=\toks22
\symAMSa=\mathgroup4
\symAMSb=\mathgroup5
LaTeX Font Info:    Redeclaring math symbol \hbar on input line 98.
LaTeX Font Info:    Overwriting math alphabet `\mathfrak' in version `bold'
(Font)                  U/euf/m/n --> U/euf/b/n on input line 106.
))
(/Users/mathlogonolomashitisho/Library/TinyTeX/texmf-dist/tex/latex/amsmath/ams
math.sty
Package: amsmath 2020/09/23 v2.17i AMS math features
\@mathmargin=\skip53
For additional information on amsmath, use the `?' option.

(/Users/mathlogonolomashitisho/Library/TinyTeX/texmf-dist/tex/latex/amsmath/ams
text.sty
Package: amstext 2000/06/29 v2.01 AMS text

(/Users/mathlogonolomashitisho/Library/TinyTeX/texmf-dist/tex/latex/amsmath/ams
gen.sty
File: amsgen.sty 1999/11/30 v2.0 generic functions
\@emptytoks=\toks23
\ex@=\dimen146
))
(/Users/mathlogonolomashitisho/Library/TinyTeX/texmf-dist/tex/latex/amsmath/ams
bsy.sty
Package: amsbsy 1999/11/29 v1.2d Bold Symbols
\pmbraise@=\dimen147
)
(/Users/mathlogonolomashitisho/Library/TinyTeX/texmf-dist/tex/latex/amsmath/ams
opn.sty
Package: amsopn 2016/03/08 v2.02 operator names
)
\inf@bad=\count197
LaTeX Info: Redefining \frac on input line 234.
\uproot@=\count198
\leftroot@=\count199
LaTeX Info: Redefining \overline on input line 399.
\classnum@=\count266
\DOTSCASE@=\count267
LaTeX Info: Redefining \ldots on input line 496.
LaTeX Info: Redefining \dots on input line 499.
LaTeX Info: Redefining \cdots on input line 620.
\Mathstrutbox@=\box56
\strutbox@=\box57
\big@size=\dimen148
LaTeX Font Info:    Redeclaring font encoding OML on input line 743.
LaTeX Font Info:    Redeclaring font encoding OMS on input line 744.
\macc@depth=\count268
\c@MaxMatrixCols=\count269
\dotsspace@=\muskip16
\c@parentequation=\count270
\dspbrk@lvl=\count271
\tag@help=\toks24
\row@=\count272
\column@=\count273
\maxfields@=\count274
\andhelp@=\toks25
\eqnshift@=\dimen149
\alignsep@=\dimen150
\tagshift@=\dimen151
\tagwidth@=\dimen152
\totwidth@=\dimen153
\lineht@=\dimen154
\@envbody=\toks26
\multlinegap=\skip54
\multlinetaggap=\skip55
\mathdisplay@stack=\toks27
LaTeX Info: Redefining \[ on input line 2923.
LaTeX Info: Redefining \] on input line 2924.
)
(/Users/mathlogonolomashitisho/Library/TinyTeX/texmf-dist/tex/latex/amscls/amst
hm.sty
Package: amsthm 2020/05/29 v2.20.6
\thm@style=\toks28
\thm@bodyfont=\toks29
\thm@headfont=\toks30
\thm@notefont=\toks31
\thm@headpunct=\toks32
\thm@preskip=\skip56
\thm@postskip=\skip57
\thm@headsep=\skip58
\dth@everypar=\toks33
LaTeX Info: Redefining \qed on input line 273.
)
(/Users/mathlogonolomashitisho/Library/TinyTeX/texmf-dist/tex/latex/tools/longt
able.sty
Package: longtable 2020/01/07 v4.13 Multi-page Table package (DPC)
\LTleft=\skip59
\LTright=\skip60
\LTpre=\skip61
\LTpost=\skip62
\LTchunksize=\count275
\LTcapwidth=\dimen155
\LT@head=\box58
\LT@firsthead=\box59
\LT@foot=\box60
\LT@lastfoot=\box61
\LT@cols=\count276
\LT@rows=\count277
\c@LT@tables=\count278
\c@LT@chunks=\count279
\LT@p@ftn=\toks34
)
(/Users/mathlogonolomashitisho/Library/TinyTeX/texmf-dist/tex/latex/geometry/ge
ometry.sty
Package: geometry 2020/01/02 v5.9 Page Geometry

(/Users/mathlogonolomashitisho/Library/TinyTeX/texmf-dist/tex/generic/iftex/ifv
tex.sty
Package: ifvtex 2019/10/25 v1.7 ifvtex legacy package. Use iftex instead.
)
\Gm@cnth=\count280
\Gm@cntv=\count281
\c@Gm@tempcnt=\count282
\Gm@bindingoffset=\dimen156
\Gm@wd@mp=\dimen157
\Gm@odd@mp=\dimen158
\Gm@even@mp=\dimen159
\Gm@layoutwidth=\dimen160
\Gm@layoutheight=\dimen161
\Gm@layouthoffset=\dimen162
\Gm@layoutvoffset=\dimen163
\Gm@dimlist=\toks35
)
(/Users/mathlogonolomashitisho/Library/TinyTeX/texmf-dist/tex/latex/fancyhdr/fa
ncyhdr.sty
Package: fancyhdr 2021/01/28 v4.0.1 Extensive control of page headers and foote
rs
\f@nch@headwidth=\skip63
\f@nch@O@elh=\skip64
\f@nch@O@erh=\skip65
\f@nch@O@olh=\skip66
\f@nch@O@orh=\skip67
\f@nch@O@elf=\skip68
\f@nch@O@erf=\skip69
\f@nch@O@olf=\skip70
\f@nch@O@orf=\skip71
)
(/Users/mathlogonolomashitisho/Library/TinyTeX/texmf-dist/tex/latex/footmisc/fo
otmisc.sty
Package: footmisc 2011/06/06 v5.5b a miscellany of footnote facilities
\FN@temptoken=\toks36
\footnotemargin=\dimen164
\c@pp@next@reset=\count283
Package footmisc Info: Declaring symbol style bringhurst on input line 855.
Package footmisc Info: Declaring symbol style chicago on input line 863.
Package footmisc Info: Declaring symbol style wiley on input line 872.
Package footmisc Info: Declaring symbol style lamport-robust on input line 883.

Package footmisc Info: Declaring symbol style lamport* on input line 903.
Package footmisc Info: Declaring symbol style lamport*-robust on input line 924
.
)
(/Users/mathlogonolomashitisho/Library/TinyTeX/texmf-dist/tex/latex/base/textco
mp.sty
Package: textcomp 2020/02/02 v2.0n Standard LaTeX package
)
(/Users/mathlogonolomashitisho/Library/TinyTeX/texmf-dist/tex/latex/tools/array
.sty
Package: array 2020/10/01 v2.5c Tabular extension package (FMi)
\col@sep=\dimen165
\ar@mcellbox=\box62
\extrarowheight=\dimen166
\NC@list=\toks37
\extratabsurround=\skip72
\backup@length=\skip73
\ar@cellbox=\box63
)
(/Users/mathlogonolomashitisho/Library/TinyTeX/texmf-dist/tex/latex/hyperref/hy
perref.sty
Package: hyperref 2021-02-27 v7.00k Hypertext links for LaTeX

(/Users/mathlogonolomashitisho/Library/TinyTeX/texmf-dist/tex/generic/ltxcmds/l
txcmds.sty
Package: ltxcmds 2020-05-10 v1.25 LaTeX kernel commands for general use (HO)
)
(/Users/mathlogonolomashitisho/Library/TinyTeX/texmf-dist/tex/generic/pdftexcmd
s/pdftexcmds.sty
Package: pdftexcmds 2020-06-27 v0.33 Utility functions of pdfTeX for LuaTeX (HO
)

(/Users/mathlogonolomashitisho/Library/TinyTeX/texmf-dist/tex/generic/infwarerr
/infwarerr.sty
Package: infwarerr 2019/12/03 v1.5 Providing info/warning/error messages (HO)
)
Package pdftexcmds Info: \pdf@primitive is available.
Package pdftexcmds Info: \pdf@ifprimitive is available.
Package pdftexcmds Info: \pdfdraftmode found.
)
(/Users/mathlogonolomashitisho/Library/TinyTeX/texmf-dist/tex/generic/kvsetkeys
/kvsetkeys.sty
Package: kvsetkeys 2019/12/15 v1.18 Key value parser (HO)
)
(/Users/mathlogonolomashitisho/Library/TinyTeX/texmf-dist/tex/generic/kvdefinek
eys/kvdefinekeys.sty
Package: kvdefinekeys 2019-12-19 v1.6 Define keys (HO)
)
(/Users/mathlogonolomashitisho/Library/TinyTeX/texmf-dist/tex/generic/pdfescape
/pdfescape.sty
Package: pdfescape 2019/12/09 v1.15 Implements pdfTeX's escape features (HO)
)
(/Users/mathlogonolomashitisho/Library/TinyTeX/texmf-dist/tex/latex/hycolor/hyc
olor.sty
Package: hycolor 2020-01-27 v1.10 Color options for hyperref/bookmark (HO)
)
(/Users/mathlogonolomashitisho/Library/TinyTeX/texmf-dist/tex/latex/letltxmacro
/letltxmacro.sty
Package: letltxmacro 2019/12/03 v1.6 Let assignment for LaTeX macros (HO)
)
(/Users/mathlogonolomashitisho/Library/TinyTeX/texmf-dist/tex/latex/auxhook/aux
hook.sty
Package: auxhook 2019-12-17 v1.6 Hooks for auxiliary files (HO)
)
(/Users/mathlogonolomashitisho/Library/TinyTeX/texmf-dist/tex/latex/kvoptions/k
voptions.sty
Package: kvoptions 2020-10-07 v3.14 Key value format for package options (HO)
)
\@linkdim=\dimen167
\Hy@linkcounter=\count284
\Hy@pagecounter=\count285

(/Users/mathlogonolomashitisho/Library/TinyTeX/texmf-dist/tex/latex/hyperref/pd
1enc.def
File: pd1enc.def 2021-02-27 v7.00k Hyperref: PDFDocEncoding definition (HO)
Now handling font encoding PD1 ...
... no UTF-8 mapping file for font encoding PD1
)
(/Users/mathlogonolomashitisho/Library/TinyTeX/texmf-dist/tex/latex/hyperref/hy
perref-langpatches.def
File: hyperref-langpatches.def 2021-02-27 v7.00k Hyperref: patches for babel la
nguages
)
(/Users/mathlogonolomashitisho/Library/TinyTeX/texmf-dist/tex/generic/intcalc/i
ntcalc.sty
Package: intcalc 2019/12/15 v1.3 Expandable calculations with integers (HO)
)
(/Users/mathlogonolomashitisho/Library/TinyTeX/texmf-dist/tex/generic/etexcmds/
etexcmds.sty
Package: etexcmds 2019/12/15 v1.7 Avoid name clashes with e-TeX commands (HO)
)
\Hy@SavedSpaceFactor=\count286

(/Users/mathlogonolomashitisho/Library/TinyTeX/texmf-dist/tex/latex/hyperref/pu
enc.def
File: puenc.def 2021-02-27 v7.00k Hyperref: PDF Unicode definition (HO)
Now handling font encoding PU ...
... no UTF-8 mapping file for font encoding PU
)
Package hyperref Info: Hyper figures OFF on input line 4192.
Package hyperref Info: Link nesting OFF on input line 4197.
Package hyperref Info: Hyper index ON on input line 4200.
Package hyperref Info: Plain pages OFF on input line 4207.
Package hyperref Info: Backreferencing OFF on input line 4212.
Package hyperref Info: Implicit mode ON; LaTeX internals redefined.
Package hyperref Info: Bookmarks ON on input line 4445.
\c@Hy@tempcnt=\count287

(/Users/mathlogonolomashitisho/Library/TinyTeX/texmf-dist/tex/latex/url/url.sty
\Urlmuskip=\muskip17
Package: url 2013/09/16  ver 3.4  Verb mode for urls, etc.
)
LaTeX Info: Redefining \url on input line 4804.
\XeTeXLinkMargin=\dimen168

(/Users/mathlogonolomashitisho/Library/TinyTeX/texmf-dist/tex/generic/bitset/bi
tset.sty
Package: bitset 2019/12/09 v1.3 Handle bit-vector datatype (HO)

(/Users/mathlogonolomashitisho/Library/TinyTeX/texmf-dist/tex/generic/bigintcal
c/bigintcalc.sty
Package: bigintcalc 2019/12/15 v1.5 Expandable calculations on big integers (HO
)
))
\Fld@menulength=\count288
\Field@Width=\dimen169
\Fld@charsize=\dimen170
Package hyperref Info: Hyper figures OFF on input line 6075.
Package hyperref Info: Link nesting OFF on input line 6080.
Package hyperref Info: Hyper index ON on input line 6083.
Package hyperref Info: backreferencing OFF on input line 6090.
Package hyperref Info: Link coloring OFF on input line 6095.
Package hyperref Info: Link coloring with OCG OFF on input line 6100.
Package hyperref Info: PDF/A mode OFF on input line 6105.
LaTeX Info: Redefining \ref on input line 6145.
LaTeX Info: Redefining \pageref on input line 6149.

(/Users/mathlogonolomashitisho/Library/TinyTeX/texmf-dist/tex/latex/base/atbegs
hi-ltx.sty
Package: atbegshi-ltx 2020/08/17 v1.0a Emulation of the original atbegshi packa
ge
with kernel methods
)
\Hy@abspage=\count289
\c@Item=\count290
\c@Hfootnote=\count291
)
Package hyperref Info: Driver (autodetected): hpdftex.

(/Users/mathlogonolomashitisho/Library/TinyTeX/texmf-dist/tex/latex/hyperref/hp
dftex.def
File: hpdftex.def 2021-02-27 v7.00k Hyperref driver for pdfTeX

(/Users/mathlogonolomashitisho/Library/TinyTeX/texmf-dist/tex/latex/base/atvery
end-ltx.sty
Package: atveryend-ltx 2020/08/19 v1.0a Emulation of the original atvery packag
e
with kernel methods
)
\Fld@listcount=\count292
\c@bookmark@seq@number=\count293

(/Users/mathlogonolomashitisho/Library/TinyTeX/texmf-dist/tex/latex/rerunfilech
eck/rerunfilecheck.sty
Package: rerunfilecheck 2019/12/05 v1.9 Rerun checks for auxiliary files (HO)

(/Users/mathlogonolomashitisho/Library/TinyTeX/texmf-dist/tex/generic/uniquecou
nter/uniquecounter.sty
Package: uniquecounter 2019/12/15 v1.4 Provide unlimited unique counter (HO)
)
Package uniquecounter Info: New unique counter `rerunfilecheck' on input line 2
86.
)
\Hy@SectionHShift=\skip74
)
Package hyperref Info: Option `breaklinks' set `true' on input line 87.

Package hyperref Warning: Option `bookmarks' has already been used,
(hyperref)                setting the option has no effect on input line 87.

Package hyperref Info: Option `colorlinks' set `true' on input line 87.

(/Users/mathlogonolomashitisho/Library/TinyTeX/texmf-dist/tex/latex/siunitx/siu
nitx.sty
Package: siunitx 2021-05-17 v3.0.0 A comprehensive (SI) units package
\l__siunitx_angle_tmp_dim=\dimen171
\l__siunitx_angle_marker_box=\box64
\l__siunitx_angle_unit_box=\box65
\l__siunitx_compound_count_int=\count294
\l__siunitx_number_exponent_fixed_int=\count295
\l__siunitx_number_min_decimal_int=\count296
\l__siunitx_number_min_integer_int=\count297
\l__siunitx_number_round_precision_int=\count298
\l__siunitx_number_group_minimum_int=\count299

(/Users/mathlogonolomashitisho/Library/TinyTeX/texmf-dist/tex/latex/graphics/co
lor.sty
Package: color 2020/02/24 v1.2b Standard LaTeX Color (DPC)

(/Users/mathlogonolomashitisho/Library/TinyTeX/texmf-dist/tex/latex/graphics-cf
g/color.cfg
File: color.cfg 2016/01/02 v1.6 sample color configuration
)
Package color Info: Driver file: pdftex.def on input line 147.
)
\l__siunitx_print_tmp_box=\box66
\l__siunitx_table_tmp_box=\box67
\l__siunitx_table_tmp_dim=\dimen172
\l__siunitx_table_column_width_dim=\dimen173
\l__siunitx_table_integer_box=\box68
\l__siunitx_table_decimal_box=\box69
\l__siunitx_table_before_box=\box70
\l__siunitx_table_after_box=\box71
\l__siunitx_table_carry_dim=\dimen174
\l__siunitx_unit_tmp_int=\count300
\l__siunitx_unit_position_int=\count301
\l__siunitx_unit_total_int=\count302

(/Users/mathlogonolomashitisho/Library/TinyTeX/texmf-dist/tex/latex/l3packages/
l3keys2e/l3keys2e.sty
Package: l3keys2e 2021-05-07 LaTeX2e option processing using LaTeX3 keys
))
(/Users/mathlogonolomashitisho/Library/TinyTeX/texmf-dist/tex/latex/multirow/mu
ltirow.sty
Package: multirow 2021/03/15 v2.8 Span multiple rows of a table
\multirow@colwidth=\skip75
\multirow@cntb=\count303
\multirow@dima=\skip76
\bigstrutjot=\dimen175
)
(/Users/mathlogonolomashitisho/Library/TinyTeX/texmf-dist/tex/latex/tools/hhlin
e.sty
Package: hhline 2020/01/04 v2.04 Table rule package (DPC)
)
(/Users/mathlogonolomashitisho/Library/TinyTeX/texmf-dist/tex/latex/tools/calc.
sty
Package: calc 2017/05/25 v4.3 Infix arithmetic (KKT,FJ)
\calc@Acount=\count304
\calc@Bcount=\count305
\calc@Adimen=\dimen176
\calc@Bdimen=\dimen177
\calc@Askip=\skip77
\calc@Bskip=\skip78
LaTeX Info: Redefining \setlength on input line 80.
LaTeX Info: Redefining \addtolength on input line 81.
\calc@Ccount=\count306
\calc@Cskip=\skip79
)
(/Users/mathlogonolomashitisho/Library/TinyTeX/texmf-dist/tex/latex/tools/tabul
arx.sty
Package: tabularx 2020/01/15 v2.11c `tabularx' package (DPC)
\TX@col@width=\dimen178
\TX@old@table=\dimen179
\TX@old@col=\dimen180
\TX@target=\dimen181
\TX@delta=\dimen182
\TX@cols=\count307
\TX@ftn=\toks38
)
(/Users/mathlogonolomashitisho/Library/TinyTeX/texmf-dist/tex/latex/booktabs/bo
oktabs.sty
Package: booktabs 2020/01/12 v1.61803398 Publication quality tables
\heavyrulewidth=\dimen183
\lightrulewidth=\dimen184
\cmidrulewidth=\dimen185
\belowrulesep=\dimen186
\belowbottomsep=\dimen187
\aboverulesep=\dimen188
\abovetopsep=\dimen189
\cmidrulesep=\dimen190
\cmidrulekern=\dimen191
\defaultaddspace=\dimen192
\@cmidla=\count308
\@cmidlb=\count309
\@aboverulesep=\dimen193
\@belowrulesep=\dimen194
\@thisruleclass=\count310
\@lastruleclass=\count311
\@thisrulewidth=\dimen195
)
(/Users/mathlogonolomashitisho/Library/TinyTeX/texmf-dist/tex/latex/caption/cap
tion.sty
Package: caption 2020/10/26 v3.5g Customizing captions (AR)

(/Users/mathlogonolomashitisho/Library/TinyTeX/texmf-dist/tex/latex/caption/cap
tion3.sty
Package: caption3 2020/10/21 v2.2e caption3 kernel (AR)
\captionmargin=\dimen196
\captionmargin@=\dimen197
\captionwidth=\dimen198
\caption@tempdima=\dimen199
\caption@indent=\dimen256
\caption@parindent=\dimen257
\caption@hangindent=\dimen258
Package caption Info: elsarticle document class detected.

(/Users/mathlogonolomashitisho/Library/TinyTeX/texmf-dist/tex/latex/caption/cap
tion-elsarticle.sto
File: caption-elsarticle.sto 2020/08/22 v2.0 Adaption of the caption package to
 the elsarticle document class (AR)
))
\c@caption@flags=\count312
\c@continuedfloat=\count313
Package caption Info: float package is loaded.
Package caption Info: hyperref package is loaded.
Package caption Info: longtable package is loaded.

(/Users/mathlogonolomashitisho/Library/TinyTeX/texmf-dist/tex/latex/caption/ltc
aption.sty
Package: ltcaption 2020/05/30 v1.4b longtable captions (AR)
))
\cslhangindent=\skip80
(./Question-2.aux)
\openout1 = `Question-2.aux'.

LaTeX Font Info:    Checking defaults for OML/cmm/m/it on input line 166.
LaTeX Font Info:    ... okay on input line 166.
LaTeX Font Info:    Checking defaults for OMS/cmsy/m/n on input line 166.
LaTeX Font Info:    ... okay on input line 166.
LaTeX Font Info:    Checking defaults for OT1/cmr/m/n on input line 166.
LaTeX Font Info:    ... okay on input line 166.
LaTeX Font Info:    Checking defaults for T1/cmr/m/n on input line 166.
LaTeX Font Info:    ... okay on input line 166.
LaTeX Font Info:    Checking defaults for TS1/cmr/m/n on input line 166.
LaTeX Font Info:    ... okay on input line 166.
LaTeX Font Info:    Checking defaults for OMX/cmex/m/n on input line 166.
LaTeX Font Info:    ... okay on input line 166.
LaTeX Font Info:    Checking defaults for U/cmr/m/n on input line 166.
LaTeX Font Info:    ... okay on input line 166.
LaTeX Font Info:    Checking defaults for PD1/pdf/m/n on input line 166.
LaTeX Font Info:    ... okay on input line 166.
LaTeX Font Info:    Checking defaults for PU/pdf/m/n on input line 166.
LaTeX Font Info:    ... okay on input line 166.

(/Users/mathlogonolomashitisho/Library/TinyTeX/texmf-dist/tex/latex/epstopdf-pk
g/epstopdf-base.sty
Package: epstopdf-base 2020-01-24 v2.11 Base part for package epstopdf
Package epstopdf-base Info: Redefining graphics rule for `.eps' on input line 4
85.

(/Users/mathlogonolomashitisho/Library/TinyTeX/texmf-dist/tex/latex/latexconfig
/epstopdf-sys.cfg
File: epstopdf-sys.cfg 2010/07/13 v1.3 Configuration of (r)epstopdf for TeX Liv
e
))
*geometry* driver: auto-detecting
*geometry* detected driver: pdftex
*geometry* verbose mode - [ preamble ] result:
* driver: pdftex
* paper: <default>
* layout: <same size as paper>
* layoutoffset:(h,v)=(0.0pt,0.0pt)
* modes: includefoot 
* h-part:(L,W,R)=(65.44142pt, 483.41216pt, 65.44142pt)
* v-part:(T,H,B)=(71.13188pt, 666.9326pt, 56.9055pt)
* \paperwidth=614.295pt
* \paperheight=794.96999pt
* \textwidth=483.41216pt
* \textheight=636.9326pt
* \oddsidemargin=-6.82857pt
* \evensidemargin=-6.82857pt
* \topmargin=-38.1381pt
* \headheight=12.0pt
* \headsep=25.0pt
* \topskip=11.0pt
* \footskip=30.0pt
* \marginparwidth=59.0pt
* \marginparsep=10.0pt
* \columnsep=10.0pt
* \skip\footins=24.0pt
* \hoffset=0.0pt
* \voffset=0.0pt
* \mag=1000
* \@twocolumnfalse
* \@twosidefalse
* \@mparswitchfalse
* \@reversemarginfalse
* (1in=72.27pt=25.4mm, 1cm=28.453pt)

Package hyperref Info: Link coloring ON on input line 166.

(/Users/mathlogonolomashitisho/Library/TinyTeX/texmf-dist/tex/latex/hyperref/na
meref.sty
Package: nameref 2021-04-02 v2.47 Cross-referencing by name of section

(/Users/mathlogonolomashitisho/Library/TinyTeX/texmf-dist/tex/latex/refcount/re
fcount.sty
Package: refcount 2019/12/15 v3.6 Data extraction from label references (HO)
)
(/Users/mathlogonolomashitisho/Library/TinyTeX/texmf-dist/tex/generic/gettitles
tring/gettitlestring.sty
Package: gettitlestring 2019/12/15 v1.6 Cleanup title references (HO)
)
\c@section@level=\count314
)
LaTeX Info: Redefining \ref on input line 166.
LaTeX Info: Redefining \pageref on input line 166.
LaTeX Info: Redefining \nameref on input line 166.
(./Question-2.out) (./Question-2.out)
\@outlinefile=\write4
\openout4 = `Question-2.out'.

Package caption Info: Begin \AtBeginDocument code.
Package caption Info: End \AtBeginDocument code.
LaTeX Font Info:    Trying to load font information for OT1+lmr on input line 1
66.

(/Users/mathlogonolomashitisho/Library/TinyTeX/texmf-dist/tex/latex/lm/ot1lmr.f
d
File: ot1lmr.fd 2015/05/01 v1.6.1 Font defs for Latin Modern
)
LaTeX Font Info:    Trying to load font information for OML+lmm on input line 1
66.

(/Users/mathlogonolomashitisho/Library/TinyTeX/texmf-dist/tex/latex/lm/omllmm.f
d
File: omllmm.fd 2015/05/01 v1.6.1 Font defs for Latin Modern
)
LaTeX Font Info:    Trying to load font information for OMS+lmsy on input line 
166.

(/Users/mathlogonolomashitisho/Library/TinyTeX/texmf-dist/tex/latex/lm/omslmsy.
fd
File: omslmsy.fd 2015/05/01 v1.6.1 Font defs for Latin Modern
)
LaTeX Font Info:    Trying to load font information for OMX+lmex on input line 
166.

(/Users/mathlogonolomashitisho/Library/TinyTeX/texmf-dist/tex/latex/lm/omxlmex.
fd
File: omxlmex.fd 2015/05/01 v1.6.1 Font defs for Latin Modern
)
LaTeX Font Info:    External font `lmex10' loaded for size
(Font)              <10.95> on input line 166.
LaTeX Font Info:    External font `lmex10' loaded for size
(Font)              <8> on input line 166.
LaTeX Font Info:    External font `lmex10' loaded for size
(Font)              <6> on input line 166.
LaTeX Font Info:    Trying to load font information for U+msa on input line 166
.

(/Users/mathlogonolomashitisho/Library/TinyTeX/texmf-dist/tex/latex/amsfonts/um
sa.fd
File: umsa.fd 2013/01/14 v3.01 AMS symbols A
)
LaTeX Font Info:    Trying to load font information for U+msb on input line 166
.

(/Users/mathlogonolomashitisho/Library/TinyTeX/texmf-dist/tex/latex/amsfonts/um
sb.fd
File: umsb.fd 2013/01/14 v3.01 AMS symbols B
)
LaTeX Font Info:    Trying to load font information for OT1+lmss on input line 
166.

(/Users/mathlogonolomashitisho/Library/TinyTeX/texmf-dist/tex/latex/lm/ot1lmss.
fd
File: ot1lmss.fd 2015/05/01 v1.6.1 Font defs for Latin Modern
)
LaTeX Font Info:    Trying to load font information for OT1+lmtt on input line 
166.

(/Users/mathlogonolomashitisho/Library/TinyTeX/texmf-dist/tex/latex/lm/ot1lmtt.
fd
File: ot1lmtt.fd 2015/05/01 v1.6.1 Font defs for Latin Modern
) [1


{/Users/mathlogonolomashitisho/Library/TinyTeX/texmf-var/fonts/map/pdftex/updma
p/pdftex.map}]

LaTeX Warning: Reference `Figure1' on page 2 undefined on input line 238.

No file Question-2.bbl.

Package fancyhdr Warning: \headheight is too small (12.0pt): 
(fancyhdr)                Make it at least 13.59999pt, for example:
(fancyhdr)                \setlength{\headheight}{13.59999pt}.
(fancyhdr)                You might also make \topmargin smaller to compensate:

(fancyhdr)                \addtolength{\topmargin}{-1.59999pt}.

[2] (./Question-2.aux)

LaTeX Warning: There were undefined references.

Package rerunfilecheck Info: File `Question-2.out' has not changed.
(rerunfilecheck)             Checksum: D4D2E56B6E8E787A855C625D0C7F3943;287.
 ) 
Here is how much of TeX's memory you used:
 14986 strings out of 480796
 264492 string characters out of 5902660
 531913 words of memory out of 5000000
 32115 multiletter control sequences out of 15000+600000
 448580 words of font info for 57 fonts, out of 8000000 for 9000
 14 hyphenation exceptions out of 8191
 70i,11n,76p,275b,746s stack positions out of 5000i,500n,10000p,200000b,80000s
{/Users/mathlogonolomashitisho/Library/TinyTeX/texmf-dist/fonts/enc/dvips/lm/
lm-ec.enc}</Users/mathlogonolomashitisho/Library/TinyTeX/texmf-dist/fonts/type1
/public/lm/lmbx10.pfb></Users/mathlogonolomashitisho/Library/TinyTeX/texmf-dist
/fonts/type1/public/lm/lmr10.pfb></Users/mathlogonolomashitisho/Library/TinyTeX
/texmf-dist/fonts/type1/public/lm/lmr12.pfb></Users/mathlogonolomashitisho/Libr
ary/TinyTeX/texmf-dist/fonts/type1/public/lm/lmr9.pfb></Users/mathlogonolomashi
tisho/Library/TinyTeX/texmf-dist/fonts/type1/public/lm/lmri10.pfb>
Output written on Question-2.pdf (2 pages, 115076 bytes).
PDF statistics:
 56 PDF objects out of 1000 (max. 8388607)
 46 compressed objects within 1 object stream
 9 named destinations out of 1000 (max. 500000)
 25 words of extra memory for PDF output out of 10000 (max. 10000000)

